c:\users\的的熊的pc\desktop\im_new_10_4_zwh\sever\debug\sever.bsc
c:\users\的的熊的pc\desktop\im_new_10_4_zwh\sever\debug\sever.pch
c:\users\的的熊的pc\desktop\im_new_10_4_zwh\sever\debug\vc141.pdb
c:\users\的的熊的pc\desktop\im_new_10_4_zwh\sever\debug\vc141.idb
c:\users\的的熊的pc\desktop\im_new_10_4_zwh\sever\debug\stdafx.sbr
c:\users\的的熊的pc\desktop\im_new_10_4_zwh\sever\debug\stdafx.obj
c:\users\的的熊的pc\desktop\im_new_10_4_zwh\sever\debug\userlist.sbr
c:\users\的的熊的pc\desktop\im_new_10_4_zwh\sever\debug\threadfunc.sbr
c:\users\的的熊的pc\desktop\im_new_10_4_zwh\sever\debug\sever.sbr
c:\users\的的熊的pc\desktop\im_new_10_4_zwh\sever\debug\frilist.sbr
c:\users\的的熊的pc\desktop\im_new_10_4_zwh\sever\debug\frilist.obj
c:\users\的的熊的pc\desktop\im_new_10_4_zwh\sever\debug\sever.obj
c:\users\的的熊的pc\desktop\im_new_10_4_zwh\sever\debug\threadfunc.obj
c:\users\的的熊的pc\desktop\im_new_10_4_zwh\sever\debug\userlist.obj
c:\users\的的熊的pc\desktop\im_new_10_4_zwh\sever\debug\sever.ilk
c:\users\的的熊的pc\desktop\im_new_10_4_zwh\sever\debug\sever.exe
c:\users\的的熊的pc\desktop\im_new_10_4_zwh\sever\debug\sever.pdb
c:\users\的的熊的pc\desktop\im_new_10_4_zwh\sever\debug\vc60.idb
c:\users\的的熊的pc\desktop\im_new_10_4_zwh\sever\debug\vc60.pdb
c:\users\的的熊的pc\desktop\im_new_10_4_zwh\sever\debug\client.sbr
c:\users\的的熊的pc\desktop\im_new_10_4_zwh\sever\.\debug\sever.exe
c:\users\的的熊的pc\desktop\im_new_10_4_zwh\sever\debug\sever.tlog\bscmake.command.1.tlog
c:\users\的的熊的pc\desktop\im_new_10_4_zwh\sever\debug\sever.tlog\bscmake.read.1.tlog
c:\users\的的熊的pc\desktop\im_new_10_4_zwh\sever\debug\sever.tlog\bscmake.write.1.tlog
c:\users\的的熊的pc\desktop\im_new_10_4_zwh\sever\debug\sever.tlog\cl.command.1.tlog
c:\users\的的熊的pc\desktop\im_new_10_4_zwh\sever\debug\sever.tlog\cl.read.1.tlog
c:\users\的的熊的pc\desktop\im_new_10_4_zwh\sever\debug\sever.tlog\cl.write.1.tlog
c:\users\的的熊的pc\desktop\im_new_10_4_zwh\sever\debug\sever.tlog\link.command.1.tlog
c:\users\的的熊的pc\desktop\im_new_10_4_zwh\sever\debug\sever.tlog\link.read.1.tlog
c:\users\的的熊的pc\desktop\im_new_10_4_zwh\sever\debug\sever.tlog\link.write.1.tlog
