c:\users\的的熊的pc\desktop\im_new_10_4_zwh\client\debug\client.bsc
c:\users\的的熊的pc\desktop\im_new_10_4_zwh\client\debug\client.pch
c:\users\的的熊的pc\desktop\im_new_10_4_zwh\client\debug\vc141.pdb
c:\users\的的熊的pc\desktop\im_new_10_4_zwh\client\debug\vc141.idb
c:\users\的的熊的pc\desktop\im_new_10_4_zwh\client\debug\stdafx.sbr
c:\users\的的熊的pc\desktop\im_new_10_4_zwh\client\debug\stdafx.obj
c:\users\的的熊的pc\desktop\im_new_10_4_zwh\client\debug\threadfunc.sbr
c:\users\的的熊的pc\desktop\im_new_10_4_zwh\client\debug\frilist.sbr
c:\users\的的熊的pc\desktop\im_new_10_4_zwh\client\debug\client.sbr
c:\users\的的熊的pc\desktop\im_new_10_4_zwh\client\debug\client.obj
c:\users\的的熊的pc\desktop\im_new_10_4_zwh\client\debug\frilist.obj
c:\users\的的熊的pc\desktop\im_new_10_4_zwh\client\debug\threadfunc.obj
c:\users\的的熊的pc\desktop\im_new_10_4_zwh\client\debug\client.exe
c:\users\的的熊的pc\desktop\im_new_10_4_zwh\client\debug\client.pdb
c:\users\的的熊的pc\desktop\im_new_10_4_zwh\client\debug\ui.res
c:\users\的的熊的pc\desktop\im_new_10_4_zwh\client\debug\vc60.idb
c:\users\的的熊的pc\desktop\im_new_10_4_zwh\client\debug\vc60.pdb
c:\users\的的熊的pc\desktop\im_new_10_4_zwh\client\.\debug\client.exe
c:\users\的的熊的pc\desktop\im_new_10_4_zwh\client\debug\client.tlog\bscmake.command.1.tlog
c:\users\的的熊的pc\desktop\im_new_10_4_zwh\client\debug\client.tlog\bscmake.read.1.tlog
c:\users\的的熊的pc\desktop\im_new_10_4_zwh\client\debug\client.tlog\bscmake.write.1.tlog
c:\users\的的熊的pc\desktop\im_new_10_4_zwh\client\debug\client.tlog\cl.command.1.tlog
c:\users\的的熊的pc\desktop\im_new_10_4_zwh\client\debug\client.tlog\cl.read.1.tlog
c:\users\的的熊的pc\desktop\im_new_10_4_zwh\client\debug\client.tlog\cl.write.1.tlog
c:\users\的的熊的pc\desktop\im_new_10_4_zwh\client\debug\client.tlog\link.command.1.tlog
c:\users\的的熊的pc\desktop\im_new_10_4_zwh\client\debug\client.tlog\link.read.1.tlog
c:\users\的的熊的pc\desktop\im_new_10_4_zwh\client\debug\client.tlog\link.write.1.tlog
c:\users\的的熊的pc\desktop\im_new_10_4_zwh\client\debug\client.tlog\rc.command.1.tlog
c:\users\的的熊的pc\desktop\im_new_10_4_zwh\client\debug\client.tlog\rc.read.1.tlog
c:\users\的的熊的pc\desktop\im_new_10_4_zwh\client\debug\client.tlog\rc.write.1.tlog
